<?xml version="1.0" encoding="UTF-8"?>
<!-- Generated by org.testng.reporters.JUnitXMLReporter -->
<testsuite ignored="0" hostname="SunilDB" failures="0" tests="2" name="Test-Runner-else" time="36.341" errors="0" timestamp="2024-01-04T08:53:06 IST">
  <testcase classname="contactsTest.CreateContactWithLeadsource" name="createContactWithLeadsource" time="8.556"/>
  <testcase classname="contactsTest.CreateContactWithLeadsource" name="createContactWithMandotaryFields" time="6.033"/>
</testsuite> <!-- Test-Runner-else -->
