<?xml version="1.0" encoding="UTF-8"?>
<!-- Generated by org.testng.reporters.JUnitXMLReporter -->
<testsuite ignored="0" hostname="SunilDB" failures="0" tests="2" name="Test-Runner-Edge" time="29.415" errors="0" timestamp="2024-01-04T08:52:30 IST">
  <testcase classname="contactsTest.CreateContactWithLeadsource" name="createContactWithLeadsource" time="9.387"/>
  <testcase classname="contactsTest.CreateContactWithLeadsource" name="createContactWithMandotaryFields" time="7.204"/>
</testsuite> <!-- Test-Runner-Edge -->
