<?xml version="1.0" encoding="UTF-8"?>
<!-- Generated by org.testng.reporters.JUnitXMLReporter -->
<testsuite ignored="0" hostname="SunilDB" failures="0" tests="2" name="Test-Runner-1" time="28.783" errors="0" timestamp="2024-01-04T08:45:59 IST">
  <testcase classname="contactsTest.CreateContactWithLeadsource" name="createContactWithLeadsource" time="9.437"/>
  <testcase classname="contactsTest.CreateContactWithLeadsource" name="createContactWithMandotaryFields" time="6.636"/>
</testsuite> <!-- Test-Runner-1 -->
