<?xml version="1.0" encoding="UTF-8"?>
<!-- Generated by org.testng.reporters.JUnitXMLReporter -->
<testsuite ignored="0" hostname="SunilDB" failures="0" tests="2" name="Test-Runner-Firefox" time="30.367" errors="0" timestamp="2024-01-04T08:52:31 IST">
  <testcase classname="contactsTest.CreateContactWithLeadsource" name="createContactWithLeadsource" time="9.296"/>
  <testcase classname="contactsTest.CreateContactWithLeadsource" name="createContactWithMandotaryFields" time="6.806"/>
</testsuite> <!-- Test-Runner-Firefox -->
