<?xml version="1.0" encoding="UTF-8"?>
<!-- Generated by org.testng.reporters.JUnitReportReporter -->
<testsuite hostname="SunilDB" failures="0" tests="1" name="productsTest.CreateProductwithMandotaryFields" time="7.684" errors="0" timestamp="2024-02-21T14:36:07 IST" skipped="0">
  <testcase classname="productsTest.CreateProductwithMandotaryFields" name="createProcuctwithMandotaryFields" time="7.684"/>
</testsuite> <!-- productsTest.CreateProductwithMandotaryFields -->
