<?xml version="1.0" encoding="UTF-8"?>
<!-- Generated by org.testng.reporters.JUnitReportReporter -->
<testsuite hostname="SunilDB" failures="0" tests="1" name="contactsTest.CreateContactWithMandotaryFields" time="17.944" errors="0" timestamp="2024-01-09T13:56:41 IST" skipped="0">
  <testcase classname="contactsTest.CreateContactWithMandotaryFields" name="createContactWithMandotaryFields" time="17.944"/>
</testsuite> <!-- contactsTest.CreateContactWithMandotaryFields -->
