<?xml version="1.0" encoding="UTF-8"?>
<!-- Generated by org.testng.reporters.JUnitReportReporter -->
<testsuite hostname="SunilDB" failures="0" tests="1" name="practice.ReadDataFromcmdLine" time="0.010" errors="0" timestamp="2024-01-16T07:34:34 IST" skipped="0">
  <testcase classname="practice.ReadDataFromcmdLine" name="sample" time="0.010"/>
</testsuite> <!-- practice.ReadDataFromcmdLine -->
