<?xml version="1.0" encoding="UTF-8"?>
<!-- Generated by org.testng.reporters.JUnitReportReporter -->
<testsuite hostname="SunilDB" failures="0" tests="1" name="practice.TestNGpracticeClass" time="0.007" errors="0" timestamp="2024-01-11T08:40:16 IST" skipped="0">
  <testcase classname="practice.TestNGpracticeClass" name="four" time="0.007"/>
</testsuite> <!-- practice.TestNGpracticeClass -->
