<?xml version="1.0" encoding="UTF-8"?>
<!-- Generated by org.testng.reporters.JUnitReportReporter -->
<testsuite hostname="SunilDB" failures="0" tests="2" name="contactsTest.CreateContactWithLeadsource" time="24.689" errors="0" timestamp="2024-01-11T08:30:27 IST" skipped="0">
  <testcase classname="contactsTest.CreateContactWithLeadsource" name="createContactWithLeadsource" time="13.001"/>
  <testcase classname="contactsTest.CreateContactWithLeadsource" name="createContactWithMandotaryFields" time="11.688"/>
</testsuite> <!-- contactsTest.CreateContactWithLeadsource -->
