<?xml version="1.0" encoding="UTF-8"?>
<!-- Generated by org.testng.reporters.JUnitReportReporter -->
<testsuite hostname="SunilDB" failures="0" tests="1" name="practice.HardAssert" time="0.013" errors="0" timestamp="2024-01-02T08:24:15 IST" skipped="0">
  <testcase classname="practice.HardAssert" name="hardAssertSample" time="0.013"/>
</testsuite> <!-- practice.HardAssert -->
